<?xml version="1.0" encoding="UTF-8"?>
<testng-results ignored="0" total="1" passed="1" failed="0" skipped="0">
  <reporter-output>
    <line>
      <![CDATA[Testing Demo1Test class]]>
    </line>
  </reporter-output>
  <suite started-at="2023-12-23T16:12:14 IST" name="Default suite" finished-at="2023-12-23T16:12:14 IST" duration-ms="85">
    <groups>
    </groups>
    <test started-at="2023-12-23T16:12:14 IST" name="Default test" finished-at="2023-12-23T16:12:14 IST" duration-ms="85">
      <class name="testdemo.Demo1Test">
        <test-method signature="test1()[pri:0, instance:testdemo.Demo1Test@47e2e487]" started-at="2023-12-23T16:12:14 IST" name="test1" finished-at="2023-12-23T16:12:14 IST" duration-ms="16" status="PASS">
          <reporter-output>
            <line>
              <![CDATA[Testing Demo1Test class]]>
            </line>
          </reporter-output>
        </test-method> <!-- test1 -->
      </class> <!-- testdemo.Demo1Test -->
    </test> <!-- Default test -->
  </suite> <!-- Default suite -->
</testng-results>
